Working in 2 dimensions.
Grid size is 32 x 32 x 1.
Solving for 10 bands at a time.
Creating Maxwell data...
Mesh size is 3.
Lattice vectors:
     (0.5, 0.866025, 0)
     (0.5, -0.866025, 0)
     (0, 0, 1)
Cell volume = 0.866025
Reciprocal lattice vectors (/ 2 pi):
     (1, 0.57735, -0)
     (1, -0.57735, 0)
     (-0, 0, 1)
Geometric objects:
     prism, center = (0.333333,0.333333,0)
          height 1e+20, axis (0,0,1), 6 vertices:
          (0.222224,0.111112,0)
          (0.111112,-0.111112,0)
          (-0.111112,-0.222224,0)
          (-0.222224,-0.111112,0)
          (-0.111112,0.111112,0)
          (0.111112,0.222224,0)
     prism, center = (0.333333,0,0)
          height 1e+20, axis (0,0,1), 6 vertices:
          (0.222224,0.111112,0)
          (0.111112,-0.111112,0)
          (-0.111112,-0.222224,0)
          (-0.222224,-0.111112,0)
          (-0.111112,0.111112,0)
          (0.111112,0.222224,0)
     prism, center = (0,-0.333333,0)
          height 1e+20, axis (0,0,1), 6 vertices:
          (0.222224,0.111112,0)
          (0.111112,-0.111112,0)
          (-0.111112,-0.222224,0)
          (-0.222224,-0.111112,0)
          (-0.111112,0.111112,0)
          (0.111112,0.222224,0)
     prism, center = (-0.333333,-0.333333,0)
          height 1e+20, axis (0,0,1), 6 vertices:
          (0.222224,0.111112,0)
          (0.111112,-0.111112,0)
          (-0.111112,-0.222224,0)
          (-0.222224,-0.111112,0)
          (-0.111112,0.111112,0)
          (0.111112,0.222224,0)
     prism, center = (-0.333333,0,0)
          height 1e+20, axis (0,0,1), 6 vertices:
          (0.222224,0.111112,0)
          (0.111112,-0.111112,0)
          (-0.111112,-0.222224,0)
          (-0.222224,-0.111112,0)
          (-0.111112,0.111112,0)
          (0.111112,0.222224,0)
     prism, center = (0,0.333333,0)
          height 1e+20, axis (0,0,1), 6 vertices:
          (0.222224,0.111112,0)
          (0.111112,-0.111112,0)
          (-0.111112,-0.222224,0)
          (-0.222224,-0.111112,0)
          (-0.111112,0.111112,0)
          (0.111112,0.222224,0)
     prism, center = (0,0,0)
          height 1e+20, axis (0,0,1), 6 vertices:
          (0.222221,0.11111,0)
          (0.11111,-0.11111,0)
          (-0.11111,-0.222221,0)
          (-0.222221,-0.11111,0)
          (-0.11111,0.11111,0)
          (0.11111,0.222221,0)
Geometric object tree has depth 5 and 43 object nodes (vs. 7 actual objects)
Initializing epsilon function...
Allocating fields...
Solving for band polarization: te.
Initializing fields to random numbers...
solve_kpoint (0.666667,0.333333,0):
tefreqs:, k index, k1, k2, k3, kmag/2pi, te band 1, te band 2, te band 3, te band 4, te band 5, te band 6, te band 7, te band 8, te band 9, te band 10
Solving for bands 1 to 10...
Finished solving for bands 1 to 10 after 28 iterations.
tefreqs:, 1, 0.666667, 0.333333, 0, 1.01835, 0.272539, 0.461229, 0.528562, 0.623563, 0.636899, 0.65386, 0.765351, 0.773171, 0.874627, 0.897199
solve_kpoint (0.633333,0.316667,0):
Solving for bands 1 to 10...
Finished solving for bands 1 to 10 after 13 iterations.
tefreqs:, 2, 0.633333, 0.316667, 0, 0.967433, 0.281045, 0.459681, 0.526014, 0.620923, 0.636351, 0.652766, 0.765379, 0.77323, 0.875837, 0.898698
solve_kpoint (0.6,0.3,0):
Solving for bands 1 to 10...
Finished solving for bands 1 to 10 after 14 iterations.
tefreqs:, 3, 0.6, 0.3, 0, 0.916515, 0.29335, 0.458562, 0.521751, 0.615345, 0.636698, 0.65109, 0.765354, 0.773298, 0.878088, 0.900348
solve_kpoint (0.566667,0.283333,0):
Solving for bands 1 to 10...
Finished solving for bands 1 to 10 after 14 iterations.
tefreqs:, 4, 0.566667, 0.283333, 0, 0.865598, 0.308806, 0.457855, 0.515401, 0.608316, 0.637212, 0.649054, 0.765362, 0.773333, 0.881183, 0.902098
solve_kpoint (0.533333,0.266667,0):
Solving for bands 1 to 10...
Finished solving for bands 1 to 10 after 16 iterations.
tefreqs:, 5, 0.533333, 0.266667, 0, 0.81468, 0.326695, 0.457201, 0.506709, 0.601259, 0.637571, 0.646889, 0.765485, 0.773312, 0.884804, 0.90398
solve_kpoint (0.5,0.25,0):
Solving for bands 1 to 10...
Finished solving for bands 1 to 10 after 18 iterations.
tefreqs:, 6, 0.5, 0.25, 0, 0.763763, 0.346276, 0.455342, 0.496385, 0.595383, 0.637681, 0.644841, 0.765763, 0.773233, 0.888477, 0.906137
solve_kpoint (0.466667,0.233333,0):
Solving for bands 1 to 10...
Finished solving for bands 1 to 10 after 21 iterations.
tefreqs:, 7, 0.466667, 0.233333, 0, 0.712845, 0.36675, 0.448926, 0.487681, 0.591475, 0.637489, 0.643179, 0.766189, 0.773102, 0.891583, 0.90871
solve_kpoint (0.433333,0.216667,0):
Solving for bands 1 to 10...
Finished solving for bands 1 to 10 after 26 iterations.
tefreqs:, 8, 0.433333, 0.216667, 0, 0.661928, 0.38702, 0.434497, 0.484721, 0.589834, 0.636999, 0.642135, 0.766719, 0.772931, 0.893606, 0.911322
solve_kpoint (0.4,0.2,0):
Solving for bands 1 to 10...
Finished solving for bands 1 to 10 after 27 iterations.
tefreqs:, 9, 0.4, 0.2, 0, 0.61101, 0.401304, 0.418246, 0.486916, 0.590448, 0.636447, 0.641733, 0.767293, 0.772726, 0.894409, 0.912328
solve_kpoint (0.366667,0.183333,0):
Solving for bands 1 to 10...
Finished solving for bands 1 to 10 after 26 iterations.
tefreqs:, 10, 0.366667, 0.183333, 0, 0.560093, 0.382407, 0.429063, 0.492398, 0.593189, 0.63627, 0.641834, 0.767844, 0.77249, 0.894117, 0.910173
solve_kpoint (0.333333,0.166667,0):
Solving for bands 1 to 10...
Finished solving for bands 1 to 10 after 21 iterations.
tefreqs:, 11, 0.333333, 0.166667, 0, 0.509175, 0.353655, 0.443948, 0.500571, 0.597882, 0.636907, 0.642372, 0.768317, 0.77222, 0.89286, 0.905655
solve_kpoint (0.3,0.15,0):
Solving for bands 1 to 10...
Finished solving for bands 1 to 10 after 15 iterations.
tefreqs:, 12, 0.3, 0.15, 0, 0.458258, 0.322362, 0.455565, 0.511066, 0.60427, 0.638706, 0.643481, 0.768671, 0.77191, 0.890683, 0.899804
solve_kpoint (0.266667,0.133333,0):
Solving for bands 1 to 10...
Finished solving for bands 1 to 10 after 14 iterations.
tefreqs:, 13, 0.266667, 0.133333, 0, 0.40734, 0.289431, 0.463689, 0.522745, 0.611922, 0.641708, 0.645751, 0.768878, 0.77155, 0.887562, 0.893104
solve_kpoint (0.233333,0.116667,0):
Solving for bands 1 to 10...
Finished solving for bands 1 to 10 after 14 iterations.
tefreqs:, 14, 0.233333, 0.116667, 0, 0.356423, 0.255296, 0.469147, 0.533951, 0.620032, 0.645429, 0.650508, 0.768917, 0.771138, 0.883355, 0.885948
solve_kpoint (0.2,0.1,0):
Solving for bands 1 to 10...
Finished solving for bands 1 to 10 after 11 iterations.
tefreqs:, 15, 0.2, 0.1, 0, 0.305505, 0.220243, 0.472815, 0.543395, 0.627181, 0.650578, 0.658103, 0.768737, 0.770704, 0.877216, 0.87943
solve_kpoint (0.166667,0.0833333,0):
Solving for bands 1 to 10...
Finished solving for bands 1 to 10 after 11 iterations.
tefreqs:, 16, 0.166667, 0.0833333, 0, 0.254588, 0.184483, 0.4753, 0.550559, 0.632018, 0.658351, 0.667748, 0.76821, 0.770355, 0.86954, 0.873541
solve_kpoint (0.133333,0.0666667,0):
Solving for bands 1 to 10...
Finished solving for bands 1 to 10 after 11 iterations.
tefreqs:, 17, 0.133333, 0.0666667, 0, 0.20367, 0.14818, 0.476984, 0.555572, 0.634738, 0.667904, 0.678562, 0.767205, 0.7702, 0.861816, 0.867416
solve_kpoint (0.1,0.05,0):
Solving for bands 1 to 10...
Finished solving for bands 1 to 10 after 11 iterations.
tefreqs:, 18, 0.1, 0.05, 0, 0.152753, 0.111471, 0.478104, 0.558862, 0.636246, 0.677417, 0.689508, 0.765723, 0.770237, 0.854667, 0.861397
solve_kpoint (0.0666667,0.0333333,0):
Solving for bands 1 to 10...
Finished solving for bands 1 to 10 after 11 iterations.
tefreqs:, 19, 0.0666667, 0.0333333, 0, 0.101835, 0.0744707, 0.478812, 0.560874, 0.637098, 0.685376, 0.699291, 0.763929, 0.770404, 0.84872, 0.856183
solve_kpoint (0.0333333,0.0166667,0):
Solving for bands 1 to 10...
Finished solving for bands 1 to 10 after 11 iterations.
tefreqs:, 20, 0.0333333, 0.0166667, 0, 0.0509175, 0.0372824, 0.479201, 0.561945, 0.637537, 0.690657, 0.706305, 0.762297, 0.770606, 0.844707, 0.85259
solve_kpoint (0,0,0):
Solving for bands 2 to 10...
Finished solving for bands 2 to 10 after 11 iterations.
tefreqs:, 21, 0, 0, 0, 0, 0, 0.479319, 0.562272, 0.63766, 0.692498, 0.708872, 0.761636, 0.770715, 0.843291, 0.851296
solve_kpoint (0,0.025,0):
Solving for bands 1 to 10...
Finished solving for bands 1 to 10 after 9 iterations.
tefreqs:, 22, 0, 0.025, 0, 0.0288675, 0.0211105, 0.479282, 0.562166, 0.637625, 0.6919, 0.708077, 0.761812, 0.770687, 0.84373, 0.851725
solve_kpoint (0,0.05,0):
Solving for bands 1 to 10...
Finished solving for bands 1 to 10 after 10 iterations.
tefreqs:, 23, 0, 0.05, 0, 0.057735, 0.0422032, 0.47916, 0.56183, 0.637496, 0.69012, 0.705721, 0.762346, 0.770642, 0.845034, 0.852972
solve_kpoint (0,0.075,0):
Solving for bands 1 to 10...
Finished solving for bands 1 to 10 after 10 iterations.
tefreqs:, 24, 0, 0.075, 0, 0.0866025, 0.063262, 0.478948, 0.561242, 0.637263, 0.687245, 0.702033, 0.763105, 0.770609, 0.847117, 0.854956
solve_kpoint (0,0.1,0):
Solving for bands 1 to 10...
Finished solving for bands 1 to 10 after 10 iterations.
tefreqs:, 25, 0, 0.1, 0, 0.11547, 0.08427, 0.47864, 0.560368, 0.636911, 0.683417, 0.69731, 0.763935, 0.770619, 0.849858, 0.85755
solve_kpoint (0,0.125,0):
Solving for bands 1 to 10...
Finished solving for bands 1 to 10 after 10 iterations.
tefreqs:, 26, 0, 0.125, 0, 0.144338, 0.105209, 0.478221, 0.559158, 0.636413, 0.678821, 0.69185, 0.76472, 0.770699, 0.853127, 0.860603
solve_kpoint (0,0.15,0):
Solving for bands 1 to 10...
Finished solving for bands 1 to 10 after 10 iterations.
tefreqs:, 27, 0, 0.15, 0, 0.173205, 0.126062, 0.477674, 0.557544, 0.635728, 0.673682, 0.685925, 0.765392, 0.770859, 0.856803, 0.863952
solve_kpoint (0,0.175,0):
Solving for bands 1 to 10...
Finished solving for bands 1 to 10 after 10 iterations.
tefreqs:, 28, 0, 0.175, 0, 0.202073, 0.146808, 0.476969, 0.555443, 0.634793, 0.668268, 0.679769, 0.765931, 0.771093, 0.860774, 0.86745
solve_kpoint (0,0.2,0):
Solving for bands 1 to 10...
Finished solving for bands 1 to 10 after 10 iterations.
tefreqs:, 29, 0, 0.2, 0, 0.23094, 0.167426, 0.476065, 0.552763, 0.633521, 0.662889, 0.673579, 0.766352, 0.771376, 0.864936, 0.870977
solve_kpoint (0,0.225,0):
Solving for bands 1 to 10...
Finished solving for bands 1 to 10 after 10 iterations.
tefreqs:, 30, 0, 0.225, 0, 0.259808, 0.187894, 0.474898, 0.549413, 0.631812, 0.657879, 0.667524, 0.766683, 0.771682, 0.869178, 0.874459
solve_kpoint (0,0.25,0):
Solving for bands 1 to 10...
Finished solving for bands 1 to 10 after 10 iterations.
tefreqs:, 31, 0, 0.25, 0, 0.288675, 0.208186, 0.473376, 0.54533, 0.629603, 0.653515, 0.661762, 0.76695, 0.771986, 0.873356, 0.877895
solve_kpoint (0,0.275,0):
Solving for bands 1 to 10...
Finished solving for bands 1 to 10 after 11 iterations.
tefreqs:, 32, 0, 0.275, 0, 0.317543, 0.228274, 0.471361, 0.540516, 0.626952, 0.649882, 0.65648, 0.767175, 0.772272, 0.87725, 0.881388
solve_kpoint (0,0.3,0):
Solving for bands 1 to 10...
Finished solving for bands 1 to 10 after 11 iterations.
tefreqs:, 33, 0, 0.3, 0, 0.34641, 0.248127, 0.468655, 0.535081, 0.624066, 0.646713, 0.651994, 0.76737, 0.772533, 0.880596, 0.885111
solve_kpoint (0,0.325,0):
Solving for bands 1 to 10...
Finished solving for bands 1 to 10 after 13 iterations.
tefreqs:, 34, 0, 0.325, 0, 0.375278, 0.267707, 0.464982, 0.52928, 0.621223, 0.643449, 0.648763, 0.767544, 0.772763, 0.883307, 0.889073
solve_kpoint (0,0.35,0):
Solving for bands 1 to 10...
Finished solving for bands 1 to 10 after 13 iterations.
tefreqs:, 35, 0, 0.35, 0, 0.404145, 0.28697, 0.460004, 0.523506, 0.618649, 0.639958, 0.646784, 0.767698, 0.772963, 0.885489, 0.893097
solve_kpoint (0,0.375,0):
Solving for bands 1 to 10...
Finished solving for bands 1 to 10 after 14 iterations.
tefreqs:, 36, 0, 0.375, 0, 0.433013, 0.305866, 0.453381, 0.518211, 0.616471, 0.636631, 0.645562, 0.767834, 0.773132, 0.887244, 0.897005
solve_kpoint (0,0.4,0):
Solving for bands 1 to 10...
Finished solving for bands 1 to 10 after 16 iterations.
tefreqs:, 37, 0, 0.4, 0, 0.46188, 0.324326, 0.444888, 0.513775, 0.614731, 0.633745, 0.644762, 0.767951, 0.773271, 0.888633, 0.900643
solve_kpoint (0,0.425,0):
Solving for bands 1 to 10...
Finished solving for bands 1 to 10 after 19 iterations.
tefreqs:, 38, 0, 0.425, 0, 0.490748, 0.342263, 0.434513, 0.510392, 0.613421, 0.631426, 0.644228, 0.768048, 0.773381, 0.889688, 0.903854
solve_kpoint (0,0.45,0):
Solving for bands 1 to 10...
Finished solving for bands 1 to 10 after 20 iterations.
tefreqs:, 39, 0, 0.45, 0, 0.519615, 0.359535, 0.422471, 0.508073, 0.612516, 0.629737, 0.643883, 0.768124, 0.773463, 0.890431, 0.906446
solve_kpoint (0,0.475,0):
Solving for bands 1 to 10...
Finished solving for bands 1 to 10 after 21 iterations.
tefreqs:, 40, 0, 0.475, 0, 0.548483, 0.375783, 0.409264, 0.506738, 0.611987, 0.628711, 0.643691, 0.768177, 0.773517, 0.890874, 0.908181
solve_kpoint (0,0.5,0):
Solving for bands 1 to 10...
Finished solving for bands 1 to 10 after 21 iterations.
tefreqs:, 41, 0, 0.5, 0, 0.57735, 0.3871, 0.398921, 0.506302, 0.611813, 0.628367, 0.643633, 0.768207, 0.773543, 0.891026, 0.908817
epsilon: 1-22.09, mean 6.31835, harm. mean 1.55246, 42.2852% > 1, 25.2174% "fill"
Initializing eigensolver data
Computing 10 bands with 1e-07 tolerance
41 k-points
  Vector3<0.6666666666666666, 0.3333333333333333, 0.0>
  Vector3<0.6333333333333333, 0.31666666666666665, 0.0>
  Vector3<0.6, 0.3, 0.0>
  Vector3<0.5666666666666667, 0.2833333333333333, 0.0>
  Vector3<0.5333333333333333, 0.26666666666666666, 0.0>
  Vector3<0.5, 0.25, 0.0>
  Vector3<0.4666666666666666, 0.2333333333333333, 0.0>
  Vector3<0.4333333333333333, 0.21666666666666665, 0.0>
  Vector3<0.39999999999999997, 0.19999999999999998, 0.0>
  Vector3<0.36666666666666664, 0.18333333333333332, 0.0>
  Vector3<0.3333333333333333, 0.16666666666666666, 0.0>
  Vector3<0.3, 0.15, 0.0>
  Vector3<0.2666666666666666, 0.1333333333333333, 0.0>
  Vector3<0.23333333333333328, 0.11666666666666664, 0.0>
  Vector3<0.19999999999999996, 0.09999999999999998, 0.0>
  Vector3<0.16666666666666663, 0.08333333333333331, 0.0>
  Vector3<0.1333333333333333, 0.06666666666666665, 0.0>
  Vector3<0.09999999999999998, 0.04999999999999999, 0.0>
  Vector3<0.06666666666666665, 0.033333333333333326, 0.0>
  Vector3<0.033333333333333326, 0.016666666666666663, 0.0>
  Vector3<0.0, 0.0, 0.0>
  Vector3<0.0, 0.025, 0.0>
  Vector3<0.0, 0.05, 0.0>
  Vector3<0.0, 0.07500000000000001, 0.0>
  Vector3<0.0, 0.1, 0.0>
  Vector3<0.0, 0.125, 0.0>
  Vector3<0.0, 0.15000000000000002, 0.0>
  Vector3<0.0, 0.17500000000000002, 0.0>
  Vector3<0.0, 0.2, 0.0>
  Vector3<0.0, 0.225, 0.0>
  Vector3<0.0, 0.25, 0.0>
  Vector3<0.0, 0.275, 0.0>
  Vector3<0.0, 0.30000000000000004, 0.0>
  Vector3<0.0, 0.325, 0.0>
  Vector3<0.0, 0.35000000000000003, 0.0>
  Vector3<0.0, 0.375, 0.0>
  Vector3<0.0, 0.4, 0.0>
  Vector3<0.0, 0.42500000000000004, 0.0>
  Vector3<0.0, 0.45, 0.0>
  Vector3<0.0, 0.47500000000000003, 0.0>
  Vector3<0.0, 0.5, 0.0>
elapsed time for initialization: 0.014786243438720703
elapsed time for k point: 0.43951940536499023
elapsed time for k point: 0.1682724952697754
elapsed time for k point: 0.18459844589233398
elapsed time for k point: 0.2565028667449951
elapsed time for k point: 0.264676570892334
elapsed time for k point: 0.2540619373321533
elapsed time for k point: 0.2667999267578125
elapsed time for k point: 0.37156152725219727
elapsed time for k point: 0.593761682510376
elapsed time for k point: 0.526268482208252
elapsed time for k point: 0.42064738273620605
elapsed time for k point: 0.29116010665893555
elapsed time for k point: 0.19957637786865234
elapsed time for k point: 0.1943666934967041
elapsed time for k point: 0.156951904296875
elapsed time for k point: 0.17122745513916016
elapsed time for k point: 0.160722017288208
elapsed time for k point: 0.1624305248260498
elapsed time for k point: 0.1573467254638672
elapsed time for k point: 0.15706944465637207
elapsed time for k point: 0.14365339279174805
elapsed time for k point: 0.15082526206970215
elapsed time for k point: 0.14245295524597168
elapsed time for k point: 0.1518230438232422
elapsed time for k point: 0.14293456077575684
elapsed time for k point: 0.1451549530029297
elapsed time for k point: 0.17630767822265625
elapsed time for k point: 0.15377068519592285
elapsed time for k point: 0.14696979522705078
elapsed time for k point: 0.14709830284118652
elapsed time for k point: 0.1585674285888672
elapsed time for k point: 0.15740966796875
elapsed time for k point: 0.15607929229736328
elapsed time for k point: 0.4424781799316406
elapsed time for k point: 0.18768978118896484
elapsed time for k point: 0.19829797744750977
elapsed time for k point: 0.4410243034362793
elapsed time for k point: 0.26358795166015625
elapsed time for k point: 0.46185755729675293
elapsed time for k point: 0.3886585235595703
elapsed time for k point: 0.30300354957580566
Band 1 range: 0.0 at Vector3<0.0, 0.0, 0.0> to 0.4013039703649397 at Vector3<0.39999999999999997, 0.19999999999999998, 0.0>
Band 2 range: 0.3989214386676905 at Vector3<0.0, 0.5, 0.0> to 0.4793193886045242 at Vector3<0.0, 0.0, 0.0>
Band 3 range: 0.48472074641182794 at Vector3<0.4333333333333333, 0.21666666666666665, 0.0> to 0.5622723182932062 at Vector3<0.0, 0.0, 0.0>
Band 4 range: 0.5898339601570338 at Vector3<0.4333333333333333, 0.21666666666666665, 0.0> to 0.6376598069175207 at Vector3<0.0, 0.0, 0.0>
Band 5 range: 0.6283673270795399 at Vector3<0.0, 0.5, 0.0> to 0.6924978998389844 at Vector3<0.0, 0.0, 0.0>
Band 6 range: 0.6417332931766825 at Vector3<0.39999999999999997, 0.19999999999999998, 0.0> to 0.7088720606219872 at Vector3<0.0, 0.0, 0.0>
Band 7 range: 0.7616363753193662 at Vector3<0.0, 0.0, 0.0> to 0.7689170414775149 at Vector3<0.23333333333333328, 0.11666666666666664, 0.0>
Band 8 range: 0.7702003083404754 at Vector3<0.1333333333333333, 0.06666666666666665, 0.0> to 0.7735434643197677 at Vector3<0.0, 0.5, 0.0>
Band 9 range: 0.8432909032257414 at Vector3<0.0, 0.0, 0.0> to 0.8944085394911431 at Vector3<0.39999999999999997, 0.19999999999999998, 0.0>
Band 10 range: 0.8512964669858609 at Vector3<0.0, 0.0, 0.0> to 0.9123280994192632 at Vector3<0.39999999999999997, 0.19999999999999998, 0.0>
Gap from band 2 (0.4793193886045242) to band 3 (0.48472074641182794), 1.1205669994666978%
Gap from band 3 (0.5622723182932062) to band 4 (0.5898339601570338), 4.784565865034992%
Gap from band 6 (0.7088720606219872) to band 7 (0.7616363753193662), 7.176336212393332%
Gap from band 7 (0.7689170414775149) to band 8 (0.7702003083404754), 0.16675360889306906%
Gap from band 8 (0.7735434643197677) to band 9 (0.8432909032257414), 8.627654174849855%
total elapsed time for run: 10.07999873161316
done

Elapsed run time = 11.4930 s
